[2022-07-27 08:58:00,521] [autoreload.py:637] [autoreload:run_with_reloader] [INFO]- Watching for file changes with StatReloader
[2022-07-27 09:03:10,277] [autoreload.py:251] [autoreload:trigger_reload] [INFO]- E:\QC\apps\qc\views.py changed, reloading.
[2022-07-27 09:03:11,366] [autoreload.py:637] [autoreload:run_with_reloader] [INFO]- Watching for file changes with StatReloader
[2022-07-27 09:04:38,167] [autoreload.py:251] [autoreload:trigger_reload] [INFO]- E:\QC\apps\qc\views.py changed, reloading.
[2022-07-27 09:04:39,279] [autoreload.py:637] [autoreload:run_with_reloader] [INFO]- Watching for file changes with StatReloader
[2022-07-27 09:05:08,914] [autoreload.py:251] [autoreload:trigger_reload] [INFO]- E:\QC\apps\qc\views.py changed, reloading.
[2022-07-27 09:05:10,050] [autoreload.py:637] [autoreload:run_with_reloader] [INFO]- Watching for file changes with StatReloader
[2022-07-27 09:06:01,175] [basehttp.py:161] [basehttp:log_message] [INFO]- "OPTIONS /token/ HTTP/1.1" 200 0
[2022-07-27 09:06:01,410] [basehttp.py:161] [basehttp:log_message] [INFO]- "POST /token/ HTTP/1.1" 200 517
[2022-07-27 09:06:01,467] [basehttp.py:161] [basehttp:log_message] [INFO]- "OPTIONS /system/user/info/ HTTP/1.1" 200 0
[2022-07-27 09:06:01,557] [basehttp.py:161] [basehttp:log_message] [INFO]- "GET /system/user/info/ HTTP/1.1" 200 194
[2022-07-27 09:07:42,751] [autoreload.py:251] [autoreload:trigger_reload] [INFO]- E:\QC\apps\qc\views.py changed, reloading.
[2022-07-27 09:07:43,887] [autoreload.py:637] [autoreload:run_with_reloader] [INFO]- Watching for file changes with StatReloader
[2022-07-27 09:08:04,953] [autoreload.py:251] [autoreload:trigger_reload] [INFO]- E:\QC\apps\qc\views.py changed, reloading.
[2022-07-27 09:08:06,070] [autoreload.py:637] [autoreload:run_with_reloader] [INFO]- Watching for file changes with StatReloader
[2022-07-27 09:08:36,923] [basehttp.py:161] [basehttp:log_message] [INFO]- "OPTIONS /qc/quality HTTP/1.1" 200 0
[2022-07-27 09:08:37,057] [basehttp.py:161] [basehttp:log_message] [INFO]- "GET /qc/quality HTTP/1.1" 200 4377
[2022-07-27 09:08:37,941] [basehttp.py:161] [basehttp:log_message] [INFO]- "OPTIONS /qc/ticket HTTP/1.1" 200 0
[2022-07-27 09:08:38,140] [log.py:230] [log:log_response] [ERROR]- Internal Server Error: /qc/ticket
Traceback (most recent call last):
  File "E:\QC\venv\lib\site-packages\django\db\backends\utils.py", line 84, in _execute
    return self.cursor.execute(sql, params)
  File "E:\QC\venv\lib\site-packages\django\db\backends\mysql\base.py", line 73, in execute
    return self.cursor.execute(query, args)
  File "E:\QC\venv\lib\site-packages\MySQLdb\cursors.py", line 209, in execute
    res = self._query(query)
  File "E:\QC\venv\lib\site-packages\MySQLdb\cursors.py", line 315, in _query
    db.query(q)
  File "E:\QC\venv\lib\site-packages\MySQLdb\connections.py", line 239, in query
    _mysql.connection.query(self, query)
MySQLdb._exceptions.OperationalError: (1054, "Unknown column 'qc_ticket.inspector' in 'field list'")

The above exception was the direct cause of the following exception:

Traceback (most recent call last):
  File "E:\QC\venv\lib\site-packages\django\core\handlers\exception.py", line 47, in inner
    response = get_response(request)
  File "E:\QC\venv\lib\site-packages\django\core\handlers\base.py", line 181, in _get_response
    response = wrapped_callback(request, *callback_args, **callback_kwargs)
  File "E:\QC\venv\lib\site-packages\django\views\decorators\csrf.py", line 54, in wrapped_view
    return view_func(*args, **kwargs)
  File "E:\QC\venv\lib\site-packages\rest_framework\viewsets.py", line 125, in view
    return self.dispatch(request, *args, **kwargs)
  File "E:\QC\venv\lib\site-packages\rest_framework\views.py", line 509, in dispatch
    response = self.handle_exception(exc)
  File "E:\QC\venv\lib\site-packages\rest_framework\views.py", line 469, in handle_exception
    self.raise_uncaught_exception(exc)
  File "E:\QC\venv\lib\site-packages\rest_framework\views.py", line 480, in raise_uncaught_exception
    raise exc
  File "E:\QC\venv\lib\site-packages\rest_framework\views.py", line 506, in dispatch
    response = handler(request, *args, **kwargs)
  File "E:\QC\venv\lib\site-packages\rest_framework\mixins.py", line 40, in list
    page = self.paginate_queryset(queryset)
  File "E:\QC\venv\lib\site-packages\rest_framework\generics.py", line 171, in paginate_queryset
    return self.paginator.paginate_queryset(queryset, self.request, view=self)
  File "E:\QC\venv\lib\site-packages\rest_framework\pagination.py", line 216, in paginate_queryset
    return list(self.page)
  File "E:\QC\venv\lib\site-packages\django\core\paginator.py", line 177, in __len__
    return len(self.object_list)
  File "E:\QC\venv\lib\site-packages\django\db\models\query.py", line 262, in __len__
    self._fetch_all()
  File "E:\QC\venv\lib\site-packages\django\db\models\query.py", line 1324, in _fetch_all
    self._result_cache = list(self._iterable_class(self))
  File "E:\QC\venv\lib\site-packages\django\db\models\query.py", line 51, in __iter__
    results = compiler.execute_sql(chunked_fetch=self.chunked_fetch, chunk_size=self.chunk_size)
  File "E:\QC\venv\lib\site-packages\django\db\models\sql\compiler.py", line 1175, in execute_sql
    cursor.execute(sql, params)
  File "E:\QC\venv\lib\site-packages\django\db\backends\utils.py", line 98, in execute
    return super().execute(sql, params)
  File "E:\QC\venv\lib\site-packages\django\db\backends\utils.py", line 66, in execute
    return self._execute_with_wrappers(sql, params, many=False, executor=self._execute)
  File "E:\QC\venv\lib\site-packages\django\db\backends\utils.py", line 75, in _execute_with_wrappers
    return executor(sql, params, many, context)
  File "E:\QC\venv\lib\site-packages\django\db\backends\utils.py", line 84, in _execute
    return self.cursor.execute(sql, params)
  File "E:\QC\venv\lib\site-packages\django\db\utils.py", line 90, in __exit__
    raise dj_exc_value.with_traceback(traceback) from exc_value
  File "E:\QC\venv\lib\site-packages\django\db\backends\utils.py", line 84, in _execute
    return self.cursor.execute(sql, params)
  File "E:\QC\venv\lib\site-packages\django\db\backends\mysql\base.py", line 73, in execute
    return self.cursor.execute(query, args)
  File "E:\QC\venv\lib\site-packages\MySQLdb\cursors.py", line 209, in execute
    res = self._query(query)
  File "E:\QC\venv\lib\site-packages\MySQLdb\cursors.py", line 315, in _query
    db.query(q)
  File "E:\QC\venv\lib\site-packages\MySQLdb\connections.py", line 239, in query
    _mysql.connection.query(self, query)
django.db.utils.OperationalError: (1054, "Unknown column 'qc_ticket.inspector' in 'field list'")
[2022-07-27 09:08:38,143] [basehttp.py:161] [basehttp:log_message] [ERROR]- "GET /qc/ticket HTTP/1.1" 500 206074
[2022-07-27 09:08:38,875] [basehttp.py:161] [basehttp:log_message] [INFO]- "GET /qc/quality HTTP/1.1" 200 4377
[2022-07-27 09:08:44,521] [basehttp.py:161] [basehttp:log_message] [INFO]- "GET /qc/quality HTTP/1.1" 200 4377
[2022-07-27 09:09:57,482] [basehttp.py:161] [basehttp:log_message] [INFO]- "GET /qc/quality HTTP/1.1" 200 4377
[2022-07-27 09:10:32,315] [autoreload.py:251] [autoreload:trigger_reload] [INFO]- E:\QC\apps\qc\views.py changed, reloading.
[2022-07-27 09:10:33,428] [autoreload.py:637] [autoreload:run_with_reloader] [INFO]- Watching for file changes with StatReloader
[2022-07-27 09:10:34,666] [basehttp.py:161] [basehttp:log_message] [INFO]- "GET /qc/quality HTTP/1.1" 200 4377
[2022-07-27 09:10:47,485] [basehttp.py:161] [basehttp:log_message] [INFO]- "GET /qc/quality HTTP/1.1" 200 4377
[2022-07-27 09:10:57,723] [autoreload.py:251] [autoreload:trigger_reload] [INFO]- E:\QC\apps\qc\views.py changed, reloading.
[2022-07-27 09:10:58,838] [autoreload.py:637] [autoreload:run_with_reloader] [INFO]- Watching for file changes with StatReloader
[2022-07-27 09:11:34,965] [autoreload.py:251] [autoreload:trigger_reload] [INFO]- E:\QC\apps\qc\views.py changed, reloading.
[2022-07-27 09:11:36,071] [autoreload.py:637] [autoreload:run_with_reloader] [INFO]- Watching for file changes with StatReloader
[2022-07-27 09:29:11,554] [autoreload.py:251] [autoreload:trigger_reload] [INFO]- E:\QC\apps\qc\views.py changed, reloading.
[2022-07-27 09:29:12,662] [autoreload.py:637] [autoreload:run_with_reloader] [INFO]- Watching for file changes with StatReloader
[2022-07-27 09:29:58,449] [autoreload.py:251] [autoreload:trigger_reload] [INFO]- E:\QC\apps\qc\models.py changed, reloading.
[2022-07-27 09:29:59,574] [autoreload.py:637] [autoreload:run_with_reloader] [INFO]- Watching for file changes with StatReloader
[2022-07-27 09:30:21,326] [basehttp.py:161] [basehttp:log_message] [INFO]- "GET /swagger/ HTTP/1.1" 200 2167
[2022-07-27 09:30:21,729] [basehttp.py:161] [basehttp:log_message] [INFO]- "GET /swagger/?format=openapi HTTP/1.1" 200 54256
[2022-07-27 09:34:26,968] [log.py:230] [log:log_response] [ERROR]- Internal Server Error: /qc/ticket
Traceback (most recent call last):
  File "E:\QC\venv\lib\site-packages\django\db\backends\utils.py", line 84, in _execute
    return self.cursor.execute(sql, params)
  File "E:\QC\venv\lib\site-packages\django\db\backends\mysql\base.py", line 73, in execute
    return self.cursor.execute(query, args)
  File "E:\QC\venv\lib\site-packages\MySQLdb\cursors.py", line 209, in execute
    res = self._query(query)
  File "E:\QC\venv\lib\site-packages\MySQLdb\cursors.py", line 315, in _query
    db.query(q)
  File "E:\QC\venv\lib\site-packages\MySQLdb\connections.py", line 239, in query
    _mysql.connection.query(self, query)
MySQLdb._exceptions.OperationalError: (1054, "Unknown column 'qc_ticket.inspector' in 'field list'")

The above exception was the direct cause of the following exception:

Traceback (most recent call last):
  File "E:\QC\venv\lib\site-packages\django\core\handlers\exception.py", line 47, in inner
    response = get_response(request)
  File "E:\QC\venv\lib\site-packages\django\core\handlers\base.py", line 181, in _get_response
    response = wrapped_callback(request, *callback_args, **callback_kwargs)
  File "E:\QC\venv\lib\site-packages\django\views\decorators\csrf.py", line 54, in wrapped_view
    return view_func(*args, **kwargs)
  File "E:\QC\venv\lib\site-packages\rest_framework\viewsets.py", line 125, in view
    return self.dispatch(request, *args, **kwargs)
  File "E:\QC\venv\lib\site-packages\rest_framework\views.py", line 509, in dispatch
    response = self.handle_exception(exc)
  File "E:\QC\venv\lib\site-packages\rest_framework\views.py", line 469, in handle_exception
    self.raise_uncaught_exception(exc)
  File "E:\QC\venv\lib\site-packages\rest_framework\views.py", line 480, in raise_uncaught_exception
    raise exc
  File "E:\QC\venv\lib\site-packages\rest_framework\views.py", line 506, in dispatch
    response = handler(request, *args, **kwargs)
  File "E:\QC\venv\lib\site-packages\rest_framework\mixins.py", line 40, in list
    page = self.paginate_queryset(queryset)
  File "E:\QC\venv\lib\site-packages\rest_framework\generics.py", line 171, in paginate_queryset
    return self.paginator.paginate_queryset(queryset, self.request, view=self)
  File "E:\QC\venv\lib\site-packages\rest_framework\pagination.py", line 216, in paginate_queryset
    return list(self.page)
  File "E:\QC\venv\lib\site-packages\django\core\paginator.py", line 177, in __len__
    return len(self.object_list)
  File "E:\QC\venv\lib\site-packages\django\db\models\query.py", line 262, in __len__
    self._fetch_all()
  File "E:\QC\venv\lib\site-packages\django\db\models\query.py", line 1324, in _fetch_all
    self._result_cache = list(self._iterable_class(self))
  File "E:\QC\venv\lib\site-packages\django\db\models\query.py", line 51, in __iter__
    results = compiler.execute_sql(chunked_fetch=self.chunked_fetch, chunk_size=self.chunk_size)
  File "E:\QC\venv\lib\site-packages\django\db\models\sql\compiler.py", line 1175, in execute_sql
    cursor.execute(sql, params)
  File "E:\QC\venv\lib\site-packages\django\db\backends\utils.py", line 98, in execute
    return super().execute(sql, params)
  File "E:\QC\venv\lib\site-packages\django\db\backends\utils.py", line 66, in execute
    return self._execute_with_wrappers(sql, params, many=False, executor=self._execute)
  File "E:\QC\venv\lib\site-packages\django\db\backends\utils.py", line 75, in _execute_with_wrappers
    return executor(sql, params, many, context)
  File "E:\QC\venv\lib\site-packages\django\db\backends\utils.py", line 84, in _execute
    return self.cursor.execute(sql, params)
  File "E:\QC\venv\lib\site-packages\django\db\utils.py", line 90, in __exit__
    raise dj_exc_value.with_traceback(traceback) from exc_value
  File "E:\QC\venv\lib\site-packages\django\db\backends\utils.py", line 84, in _execute
    return self.cursor.execute(sql, params)
  File "E:\QC\venv\lib\site-packages\django\db\backends\mysql\base.py", line 73, in execute
    return self.cursor.execute(query, args)
  File "E:\QC\venv\lib\site-packages\MySQLdb\cursors.py", line 209, in execute
    res = self._query(query)
  File "E:\QC\venv\lib\site-packages\MySQLdb\cursors.py", line 315, in _query
    db.query(q)
  File "E:\QC\venv\lib\site-packages\MySQLdb\connections.py", line 239, in query
    _mysql.connection.query(self, query)
django.db.utils.OperationalError: (1054, "Unknown column 'qc_ticket.inspector' in 'field list'")
[2022-07-27 09:34:26,972] [basehttp.py:161] [basehttp:log_message] [ERROR]- "GET /qc/ticket HTTP/1.1" 500 206074
[2022-07-27 09:34:27,643] [basehttp.py:161] [basehttp:log_message] [INFO]- "GET /qc/quality HTTP/1.1" 200 4377
[2022-07-27 09:34:57,184] [autoreload.py:251] [autoreload:trigger_reload] [INFO]- E:\QC\apps\qc\serializer.py changed, reloading.
[2022-07-27 09:34:58,305] [autoreload.py:637] [autoreload:run_with_reloader] [INFO]- Watching for file changes with StatReloader
[2022-07-27 09:36:33,827] [autoreload.py:251] [autoreload:trigger_reload] [INFO]- E:\QC\apps\qc\serializer.py changed, reloading.
[2022-07-27 09:36:34,927] [autoreload.py:637] [autoreload:run_with_reloader] [INFO]- Watching for file changes with StatReloader
[2022-07-27 09:36:57,032] [autoreload.py:251] [autoreload:trigger_reload] [INFO]- E:\QC\apps\qc\serializer.py changed, reloading.
[2022-07-27 09:36:58,129] [autoreload.py:637] [autoreload:run_with_reloader] [INFO]- Watching for file changes with StatReloader
[2022-07-27 09:37:28,861] [autoreload.py:251] [autoreload:trigger_reload] [INFO]- E:\QC\apps\qc\serializer.py changed, reloading.
[2022-07-27 09:37:29,930] [autoreload.py:637] [autoreload:run_with_reloader] [INFO]- Watching for file changes with StatReloader
[2022-07-27 09:39:44,573] [basehttp.py:161] [basehttp:log_message] [INFO]- "GET /system/user/info/ HTTP/1.1" 200 194
[2022-07-27 09:39:44,841] [basehttp.py:161] [basehttp:log_message] [INFO]- "GET /qc/quality HTTP/1.1" 200 4377
[2022-07-27 09:40:41,898] [basehttp.py:161] [basehttp:log_message] [INFO]- "OPTIONS /qc/qualityLoad HTTP/1.1" 200 0
[2022-07-27 09:40:42,806] [basehttp.py:161] [basehttp:log_message] [INFO]- "POST /qc/qualityLoad HTTP/1.1" 200 33
[2022-07-27 09:41:02,537] [autoreload.py:251] [autoreload:trigger_reload] [INFO]- E:\QC\apps\qc\views.py changed, reloading.
[2022-07-27 09:41:03,685] [autoreload.py:637] [autoreload:run_with_reloader] [INFO]- Watching for file changes with StatReloader
[2022-07-27 09:41:21,451] [autoreload.py:251] [autoreload:trigger_reload] [INFO]- E:\QC\apps\qc\views.py changed, reloading.
[2022-07-27 09:41:22,582] [autoreload.py:637] [autoreload:run_with_reloader] [INFO]- Watching for file changes with StatReloader
[2022-07-27 09:42:53,048] [basehttp.py:161] [basehttp:log_message] [INFO]- "GET /system/user/info/ HTTP/1.1" 200 194
[2022-07-27 09:42:53,281] [basehttp.py:161] [basehttp:log_message] [INFO]- "GET /qc/quality HTTP/1.1" 200 4377
[2022-07-27 09:43:53,179] [autoreload.py:251] [autoreload:trigger_reload] [INFO]- E:\QC\apps\qc\models.py changed, reloading.
[2022-07-27 09:43:54,274] [autoreload.py:637] [autoreload:run_with_reloader] [INFO]- Watching for file changes with StatReloader
[2022-07-27 09:45:05,725] [log.py:230] [log:log_response] [ERROR]- Internal Server Error: /qc/ticket
Traceback (most recent call last):
  File "E:\QC\venv\lib\site-packages\django\db\backends\utils.py", line 84, in _execute
    return self.cursor.execute(sql, params)
  File "E:\QC\venv\lib\site-packages\django\db\backends\mysql\base.py", line 73, in execute
    return self.cursor.execute(query, args)
  File "E:\QC\venv\lib\site-packages\MySQLdb\cursors.py", line 209, in execute
    res = self._query(query)
  File "E:\QC\venv\lib\site-packages\MySQLdb\cursors.py", line 315, in _query
    db.query(q)
  File "E:\QC\venv\lib\site-packages\MySQLdb\connections.py", line 239, in query
    _mysql.connection.query(self, query)
MySQLdb._exceptions.OperationalError: (1054, "Unknown column 'qc_ticket.inspector' in 'field list'")

The above exception was the direct cause of the following exception:

Traceback (most recent call last):
  File "E:\QC\venv\lib\site-packages\django\core\handlers\exception.py", line 47, in inner
    response = get_response(request)
  File "E:\QC\venv\lib\site-packages\django\core\handlers\base.py", line 181, in _get_response
    response = wrapped_callback(request, *callback_args, **callback_kwargs)
  File "E:\QC\venv\lib\site-packages\django\views\decorators\csrf.py", line 54, in wrapped_view
    return view_func(*args, **kwargs)
  File "E:\QC\venv\lib\site-packages\rest_framework\viewsets.py", line 125, in view
    return self.dispatch(request, *args, **kwargs)
  File "E:\QC\venv\lib\site-packages\rest_framework\views.py", line 509, in dispatch
    response = self.handle_exception(exc)
  File "E:\QC\venv\lib\site-packages\rest_framework\views.py", line 469, in handle_exception
    self.raise_uncaught_exception(exc)
  File "E:\QC\venv\lib\site-packages\rest_framework\views.py", line 480, in raise_uncaught_exception
    raise exc
  File "E:\QC\venv\lib\site-packages\rest_framework\views.py", line 506, in dispatch
    response = handler(request, *args, **kwargs)
  File "E:\QC\venv\lib\site-packages\rest_framework\mixins.py", line 40, in list
    page = self.paginate_queryset(queryset)
  File "E:\QC\venv\lib\site-packages\rest_framework\generics.py", line 171, in paginate_queryset
    return self.paginator.paginate_queryset(queryset, self.request, view=self)
  File "E:\QC\venv\lib\site-packages\rest_framework\pagination.py", line 216, in paginate_queryset
    return list(self.page)
  File "E:\QC\venv\lib\site-packages\django\core\paginator.py", line 177, in __len__
    return len(self.object_list)
  File "E:\QC\venv\lib\site-packages\django\db\models\query.py", line 262, in __len__
    self._fetch_all()
  File "E:\QC\venv\lib\site-packages\django\db\models\query.py", line 1324, in _fetch_all
    self._result_cache = list(self._iterable_class(self))
  File "E:\QC\venv\lib\site-packages\django\db\models\query.py", line 51, in __iter__
    results = compiler.execute_sql(chunked_fetch=self.chunked_fetch, chunk_size=self.chunk_size)
  File "E:\QC\venv\lib\site-packages\django\db\models\sql\compiler.py", line 1175, in execute_sql
    cursor.execute(sql, params)
  File "E:\QC\venv\lib\site-packages\django\db\backends\utils.py", line 98, in execute
    return super().execute(sql, params)
  File "E:\QC\venv\lib\site-packages\django\db\backends\utils.py", line 66, in execute
    return self._execute_with_wrappers(sql, params, many=False, executor=self._execute)
  File "E:\QC\venv\lib\site-packages\django\db\backends\utils.py", line 75, in _execute_with_wrappers
    return executor(sql, params, many, context)
  File "E:\QC\venv\lib\site-packages\django\db\backends\utils.py", line 84, in _execute
    return self.cursor.execute(sql, params)
  File "E:\QC\venv\lib\site-packages\django\db\utils.py", line 90, in __exit__
    raise dj_exc_value.with_traceback(traceback) from exc_value
  File "E:\QC\venv\lib\site-packages\django\db\backends\utils.py", line 84, in _execute
    return self.cursor.execute(sql, params)
  File "E:\QC\venv\lib\site-packages\django\db\backends\mysql\base.py", line 73, in execute
    return self.cursor.execute(query, args)
  File "E:\QC\venv\lib\site-packages\MySQLdb\cursors.py", line 209, in execute
    res = self._query(query)
  File "E:\QC\venv\lib\site-packages\MySQLdb\cursors.py", line 315, in _query
    db.query(q)
  File "E:\QC\venv\lib\site-packages\MySQLdb\connections.py", line 239, in query
    _mysql.connection.query(self, query)
django.db.utils.OperationalError: (1054, "Unknown column 'qc_ticket.inspector' in 'field list'")
[2022-07-27 09:45:05,729] [basehttp.py:161] [basehttp:log_message] [ERROR]- "GET /qc/ticket HTTP/1.1" 500 206074
[2022-07-27 09:45:06,920] [basehttp.py:161] [basehttp:log_message] [INFO]- "GET /qc/quality HTTP/1.1" 200 4377
[2022-07-27 09:45:13,773] [autoreload.py:251] [autoreload:trigger_reload] [INFO]- E:\QC\apps\qc\models.py changed, reloading.
[2022-07-27 09:45:14,901] [autoreload.py:637] [autoreload:run_with_reloader] [INFO]- Watching for file changes with StatReloader
[2022-07-27 09:45:35,905] [autoreload.py:251] [autoreload:trigger_reload] [INFO]- E:\QC\apps\qc\models.py changed, reloading.
[2022-07-27 09:45:37,059] [autoreload.py:637] [autoreload:run_with_reloader] [INFO]- Watching for file changes with StatReloader
[2022-07-27 09:46:31,492] [autoreload.py:251] [autoreload:trigger_reload] [INFO]- E:\QC\apps\qc\models.py changed, reloading.
[2022-07-27 09:46:32,584] [autoreload.py:637] [autoreload:run_with_reloader] [INFO]- Watching for file changes with StatReloader
[2022-07-27 09:46:55,767] [autoreload.py:251] [autoreload:trigger_reload] [INFO]- E:\QC\apps\qc\models.py changed, reloading.
[2022-07-27 09:46:56,857] [autoreload.py:637] [autoreload:run_with_reloader] [INFO]- Watching for file changes with StatReloader
[2022-07-27 09:47:08,209] [autoreload.py:251] [autoreload:trigger_reload] [INFO]- E:\QC\apps\qc\models.py changed, reloading.
[2022-07-27 09:47:09,350] [autoreload.py:637] [autoreload:run_with_reloader] [INFO]- Watching for file changes with StatReloader
[2022-07-27 09:47:34,688] [autoreload.py:251] [autoreload:trigger_reload] [INFO]- E:\QC\apps\qc\models.py changed, reloading.
[2022-07-27 09:47:35,827] [autoreload.py:637] [autoreload:run_with_reloader] [INFO]- Watching for file changes with StatReloader
[2022-07-27 09:48:56,137] [autoreload.py:251] [autoreload:trigger_reload] [INFO]- E:\QC\apps\qc\models.py changed, reloading.
[2022-07-27 09:48:57,243] [autoreload.py:637] [autoreload:run_with_reloader] [INFO]- Watching for file changes with StatReloader
[2022-07-27 09:49:23,619] [autoreload.py:251] [autoreload:trigger_reload] [INFO]- E:\QC\apps\qc\models.py changed, reloading.
[2022-07-27 09:49:24,709] [autoreload.py:637] [autoreload:run_with_reloader] [INFO]- Watching for file changes with StatReloader
[2022-07-27 09:49:31,688] [autoreload.py:251] [autoreload:trigger_reload] [INFO]- E:\QC\apps\qc\models.py changed, reloading.
[2022-07-27 09:49:32,798] [autoreload.py:637] [autoreload:run_with_reloader] [INFO]- Watching for file changes with StatReloader
[2022-07-27 09:50:48,785] [autoreload.py:251] [autoreload:trigger_reload] [INFO]- E:\QC\apps\qc\models.py changed, reloading.
[2022-07-27 09:50:49,891] [autoreload.py:637] [autoreload:run_with_reloader] [INFO]- Watching for file changes with StatReloader
[2022-07-27 09:51:37,882] [autoreload.py:251] [autoreload:trigger_reload] [INFO]- E:\QC\apps\qc\models.py changed, reloading.
[2022-07-27 09:51:39,047] [autoreload.py:637] [autoreload:run_with_reloader] [INFO]- Watching for file changes with StatReloader
[2022-07-27 09:51:43,866] [autoreload.py:251] [autoreload:trigger_reload] [INFO]- E:\QC\apps\qc\models.py changed, reloading.
[2022-07-27 09:51:45,029] [autoreload.py:637] [autoreload:run_with_reloader] [INFO]- Watching for file changes with StatReloader
[2022-07-27 09:52:26,512] [autoreload.py:251] [autoreload:trigger_reload] [INFO]- E:\QC\apps\qc\models.py changed, reloading.
[2022-07-27 09:52:27,595] [autoreload.py:637] [autoreload:run_with_reloader] [INFO]- Watching for file changes with StatReloader
[2022-07-27 09:52:59,317] [autoreload.py:251] [autoreload:trigger_reload] [INFO]- E:\QC\apps\qc\models.py changed, reloading.
[2022-07-27 09:53:00,414] [autoreload.py:637] [autoreload:run_with_reloader] [INFO]- Watching for file changes with StatReloader
[2022-07-27 09:53:24,618] [autoreload.py:251] [autoreload:trigger_reload] [INFO]- E:\QC\apps\qc\models.py changed, reloading.
[2022-07-27 09:53:25,727] [autoreload.py:637] [autoreload:run_with_reloader] [INFO]- Watching for file changes with StatReloader
[2022-07-27 09:53:53,258] [autoreload.py:251] [autoreload:trigger_reload] [INFO]- E:\QC\apps\qc\models.py changed, reloading.
[2022-07-27 09:53:54,408] [autoreload.py:637] [autoreload:run_with_reloader] [INFO]- Watching for file changes with StatReloader
[2022-07-27 09:54:30,476] [autoreload.py:251] [autoreload:trigger_reload] [INFO]- E:\QC\apps\qc\models.py changed, reloading.
[2022-07-27 09:54:31,600] [autoreload.py:637] [autoreload:run_with_reloader] [INFO]- Watching for file changes with StatReloader
[2022-07-27 09:55:15,302] [autoreload.py:251] [autoreload:trigger_reload] [INFO]- E:\QC\apps\qc\models.py changed, reloading.
[2022-07-27 09:55:16,388] [autoreload.py:637] [autoreload:run_with_reloader] [INFO]- Watching for file changes with StatReloader
[2022-07-27 09:56:32,244] [basehttp.py:161] [basehttp:log_message] [INFO]- "GET /qc/ticket HTTP/1.1" 200 5419
[2022-07-27 09:56:40,800] [basehttp.py:161] [basehttp:log_message] [INFO]- "GET /qc/quality HTTP/1.1" 200 4377
[2022-07-27 09:56:41,370] [basehttp.py:161] [basehttp:log_message] [INFO]- "GET /qc/ticket HTTP/1.1" 200 5419
[2022-07-27 09:56:56,747] [autoreload.py:251] [autoreload:trigger_reload] [INFO]- E:\QC\apps\qc\views.py changed, reloading.
[2022-07-27 09:56:57,844] [autoreload.py:637] [autoreload:run_with_reloader] [INFO]- Watching for file changes with StatReloader
[2022-07-27 09:57:05,920] [autoreload.py:251] [autoreload:trigger_reload] [INFO]- E:\QC\apps\qc\views.py changed, reloading.
[2022-07-27 09:57:07,063] [autoreload.py:637] [autoreload:run_with_reloader] [INFO]- Watching for file changes with StatReloader
[2022-07-27 09:57:18,467] [basehttp.py:161] [basehttp:log_message] [INFO]- "GET /qc/ticket HTTP/1.1" 200 36884
[2022-07-27 09:57:18,492] [basehttp.py:161] [basehttp:log_message] [INFO]- "GET /static/rest_framework/css/bootstrap.min.css HTTP/1.1" 304 0
[2022-07-27 09:57:18,495] [basehttp.py:161] [basehttp:log_message] [INFO]- "GET /static/rest_framework/css/default.css HTTP/1.1" 304 0
[2022-07-27 09:57:18,495] [basehttp.py:161] [basehttp:log_message] [INFO]- "GET /static/rest_framework/css/bootstrap-tweaks.css HTTP/1.1" 304 0
[2022-07-27 09:57:18,497] [basehttp.py:161] [basehttp:log_message] [INFO]- "GET /static/rest_framework/css/prettify.css HTTP/1.1" 304 0
[2022-07-27 09:57:18,499] [basehttp.py:161] [basehttp:log_message] [INFO]- "GET /static/rest_framework/js/jquery-3.5.1.min.js HTTP/1.1" 304 0
[2022-07-27 09:57:18,502] [basehttp.py:161] [basehttp:log_message] [INFO]- "GET /static/rest_framework/js/ajax-form.js HTTP/1.1" 304 0
[2022-07-27 09:57:18,502] [basehttp.py:161] [basehttp:log_message] [INFO]- "GET /static/rest_framework/js/csrf.js HTTP/1.1" 304 0
[2022-07-27 09:57:18,503] [basehttp.py:161] [basehttp:log_message] [INFO]- "GET /static/rest_framework/js/prettify-min.js HTTP/1.1" 304 0
[2022-07-27 09:57:18,503] [basehttp.py:161] [basehttp:log_message] [INFO]- "GET /static/rest_framework/js/bootstrap.min.js HTTP/1.1" 304 0
[2022-07-27 09:57:18,504] [basehttp.py:161] [basehttp:log_message] [INFO]- "GET /static/rest_framework/js/default.js HTTP/1.1" 304 0
[2022-07-27 09:57:18,517] [basehttp.py:161] [basehttp:log_message] [INFO]- "GET /static/rest_framework/img/grid.png HTTP/1.1" 304 0
[2022-07-27 09:57:18,517] [basehttp.py:161] [basehttp:log_message] [INFO]- "GET /static/rest_framework/fonts/glyphicons-halflings-regular.woff2 HTTP/1.1" 304 0
[2022-07-27 09:57:32,697] [log.py:230] [log:log_response] [WARNING]- Not Found: /qc/ticket/14/randominspection
[2022-07-27 09:57:32,697] [basehttp.py:161] [basehttp:log_message] [WARNING]- "GET /qc/ticket/14/randominspection HTTP/1.1" 404 6447
[2022-07-27 09:57:35,671] [basehttp.py:161] [basehttp:log_message] [INFO]- "GET /qc/ticket/randominspection HTTP/1.1" 200 14006
[2022-07-27 10:12:38,241] [basehttp.py:161] [basehttp:log_message] [INFO]- "GET /qc/quality HTTP/1.1" 200 4377
[2022-07-27 10:12:38,879] [basehttp.py:161] [basehttp:log_message] [INFO]- "GET /qc/ticket HTTP/1.1" 200 5419
[2022-07-27 10:59:18,599] [basehttp.py:161] [basehttp:log_message] [INFO]- "GET /qc/quality HTTP/1.1" 200 4377
[2022-07-27 10:59:50,342] [basehttp.py:161] [basehttp:log_message] [INFO]- "GET /qc/ticket HTTP/1.1" 200 5419
[2022-07-27 11:00:16,735] [basehttp.py:161] [basehttp:log_message] [INFO]- "GET /system/user/info/ HTTP/1.1" 200 194
[2022-07-27 11:00:17,303] [basehttp.py:161] [basehttp:log_message] [INFO]- "GET /qc/quality HTTP/1.1" 200 4377
[2022-07-27 11:00:18,804] [basehttp.py:161] [basehttp:log_message] [INFO]- "GET /qc/ticket HTTP/1.1" 200 5419
[2022-07-27 11:00:27,943] [basehttp.py:161] [basehttp:log_message] [INFO]- "GET /qc/ticket HTTP/1.1" 200 5419
[2022-07-27 11:00:42,687] [basehttp.py:161] [basehttp:log_message] [INFO]- "GET /qc/quality HTTP/1.1" 200 4377
[2022-07-27 11:00:45,400] [basehttp.py:161] [basehttp:log_message] [INFO]- "GET /qc/ticket HTTP/1.1" 200 5419
[2022-07-27 11:01:00,152] [basehttp.py:161] [basehttp:log_message] [INFO]- "GET /qc/quality HTTP/1.1" 200 4377
[2022-07-27 12:25:17,708] [basehttp.py:161] [basehttp:log_message] [INFO]- "OPTIONS /qc/ticket HTTP/1.1" 200 0
[2022-07-27 12:25:17,811] [basehttp.py:161] [basehttp:log_message] [INFO]- "GET /qc/ticket HTTP/1.1" 200 5419
[2022-07-27 12:25:22,267] [basehttp.py:161] [basehttp:log_message] [INFO]- "OPTIONS /qc/quality HTTP/1.1" 200 0
[2022-07-27 12:25:22,358] [basehttp.py:161] [basehttp:log_message] [INFO]- "GET /qc/quality HTTP/1.1" 200 4377
[2022-07-27 12:25:24,886] [basehttp.py:161] [basehttp:log_message] [INFO]- "GET /qc/ticket HTTP/1.1" 200 5419
[2022-07-27 13:02:56,988] [basehttp.py:161] [basehttp:log_message] [INFO]- "GET /qc/quality HTTP/1.1" 200 4377
[2022-07-27 13:27:26,365] [basehttp.py:161] [basehttp:log_message] [INFO]- "GET /qc/ticket HTTP/1.1" 200 5419
[2022-07-27 13:32:29,105] [autoreload.py:251] [autoreload:trigger_reload] [INFO]- E:\QC\apps\qc\models.py changed, reloading.
[2022-07-27 13:32:30,353] [autoreload.py:637] [autoreload:run_with_reloader] [INFO]- Watching for file changes with StatReloader
[2022-07-27 13:32:47,037] [autoreload.py:251] [autoreload:trigger_reload] [INFO]- E:\QC\apps\qc\models.py changed, reloading.
[2022-07-27 13:32:48,136] [autoreload.py:637] [autoreload:run_with_reloader] [INFO]- Watching for file changes with StatReloader
[2022-07-27 13:35:28,835] [basehttp.py:161] [basehttp:log_message] [INFO]- "GET /swagger/?format=openapi HTTP/1.1" 200 57219
[2022-07-27 13:36:34,369] [basehttp.py:161] [basehttp:log_message] [INFO]- "GET /qc/quality HTTP/1.1" 200 4667
[2022-07-27 13:36:42,238] [basehttp.py:161] [basehttp:log_message] [INFO]- "OPTIONS /system/user/info/ HTTP/1.1" 200 0
[2022-07-27 13:36:42,319] [basehttp.py:161] [basehttp:log_message] [INFO]- "GET /system/user/info/ HTTP/1.1" 200 194
[2022-07-27 13:36:42,643] [basehttp.py:161] [basehttp:log_message] [INFO]- "GET /qc/quality HTTP/1.1" 200 4667
[2022-07-27 13:36:46,238] [basehttp.py:161] [basehttp:log_message] [INFO]- "GET /qc/ticket HTTP/1.1" 200 5419
[2022-07-27 13:43:32,871] [autoreload.py:251] [autoreload:trigger_reload] [INFO]- E:\QC\apps\qc\views.py changed, reloading.
[2022-07-27 13:43:33,997] [autoreload.py:637] [autoreload:run_with_reloader] [INFO]- Watching for file changes with StatReloader
[2022-07-27 13:51:00,882] [basehttp.py:161] [basehttp:log_message] [INFO]- "GET /qc/quality HTTP/1.1" 200 4667
[2022-07-27 13:52:03,118] [basehttp.py:161] [basehttp:log_message] [INFO]- "GET /qc/quality HTTP/1.1" 200 4667
[2022-07-27 13:53:32,242] [basehttp.py:161] [basehttp:log_message] [INFO]- "GET /system/user/info/ HTTP/1.1" 200 194
[2022-07-27 13:53:32,522] [basehttp.py:161] [basehttp:log_message] [INFO]- "GET /qc/quality HTTP/1.1" 200 4667
[2022-07-27 13:55:01,036] [basehttp.py:161] [basehttp:log_message] [INFO]- "GET /qc/quality HTTP/1.1" 200 4667
[2022-07-27 13:55:20,429] [basehttp.py:161] [basehttp:log_message] [INFO]- "GET /qc/quality HTTP/1.1" 200 4667
[2022-07-27 13:56:31,742] [basehttp.py:161] [basehttp:log_message] [INFO]- "GET /qc/quality HTTP/1.1" 200 4667
[2022-07-27 13:57:35,255] [basehttp.py:161] [basehttp:log_message] [INFO]- "GET /qc/quality HTTP/1.1" 200 4667
[2022-07-27 13:57:49,577] [basehttp.py:161] [basehttp:log_message] [INFO]- "GET /qc/ticket HTTP/1.1" 200 5419
[2022-07-27 13:57:55,945] [basehttp.py:161] [basehttp:log_message] [INFO]- "GET /qc/quality HTTP/1.1" 200 4667
[2022-07-27 13:58:54,282] [basehttp.py:161] [basehttp:log_message] [INFO]- "GET /qc/quality HTTP/1.1" 200 4667
[2022-07-27 13:59:11,560] [autoreload.py:251] [autoreload:trigger_reload] [INFO]- E:\QC\apps\qc\views.py changed, reloading.
[2022-07-27 13:59:12,725] [autoreload.py:637] [autoreload:run_with_reloader] [INFO]- Watching for file changes with StatReloader
[2022-07-27 14:00:32,864] [basehttp.py:161] [basehttp:log_message] [INFO]- "GET /qc/quality HTTP/1.1" 200 4667
[2022-07-27 14:00:38,631] [basehttp.py:161] [basehttp:log_message] [INFO]- "GET /qc/ticket HTTP/1.1" 200 5419
[2022-07-27 14:00:45,538] [basehttp.py:161] [basehttp:log_message] [INFO]- "GET /qc/quality HTTP/1.1" 200 4667
[2022-07-27 14:01:29,602] [basehttp.py:161] [basehttp:log_message] [INFO]- "GET /qc/ticket HTTP/1.1" 200 5419
[2022-07-27 14:02:01,044] [basehttp.py:161] [basehttp:log_message] [INFO]- "GET /qc/quality HTTP/1.1" 200 4667
[2022-07-27 14:02:12,625] [basehttp.py:161] [basehttp:log_message] [INFO]- "GET /qc/ticket HTTP/1.1" 200 5419
[2022-07-27 14:02:35,806] [basehttp.py:161] [basehttp:log_message] [INFO]- "GET /qc/quality HTTP/1.1" 200 4667
[2022-07-27 14:07:15,609] [autoreload.py:251] [autoreload:trigger_reload] [INFO]- E:\QC\apps\qc\views.py changed, reloading.
[2022-07-27 14:07:16,765] [autoreload.py:637] [autoreload:run_with_reloader] [INFO]- Watching for file changes with StatReloader
[2022-07-27 14:08:28,465] [autoreload.py:251] [autoreload:trigger_reload] [INFO]- E:\QC\apps\qc\models.py changed, reloading.
[2022-07-27 14:08:29,559] [autoreload.py:637] [autoreload:run_with_reloader] [INFO]- Watching for file changes with StatReloader
[2022-07-27 14:09:31,428] [autoreload.py:251] [autoreload:trigger_reload] [INFO]- E:\QC\apps\qc\models.py changed, reloading.
[2022-07-27 14:09:32,520] [autoreload.py:637] [autoreload:run_with_reloader] [INFO]- Watching for file changes with StatReloader
[2022-07-27 14:11:27,349] [autoreload.py:251] [autoreload:trigger_reload] [INFO]- E:\QC\apps\qc\urls.py changed, reloading.
[2022-07-27 14:11:28,440] [autoreload.py:637] [autoreload:run_with_reloader] [INFO]- Watching for file changes with StatReloader
[2022-07-27 14:12:15,202] [autoreload.py:251] [autoreload:trigger_reload] [INFO]- E:\QC\apps\qc\models.py changed, reloading.
[2022-07-27 14:12:16,310] [autoreload.py:637] [autoreload:run_with_reloader] [INFO]- Watching for file changes with StatReloader
[2022-07-27 14:12:42,392] [autoreload.py:251] [autoreload:trigger_reload] [INFO]- E:\QC\apps\qc\models.py changed, reloading.
[2022-07-27 14:12:43,472] [autoreload.py:637] [autoreload:run_with_reloader] [INFO]- Watching for file changes with StatReloader
[2022-07-27 14:14:20,456] [autoreload.py:251] [autoreload:trigger_reload] [INFO]- E:\QC\apps\qc\views.py changed, reloading.
[2022-07-27 14:14:21,595] [autoreload.py:637] [autoreload:run_with_reloader] [INFO]- Watching for file changes with StatReloader
[2022-07-27 14:14:31,539] [autoreload.py:251] [autoreload:trigger_reload] [INFO]- E:\QC\apps\qc\views.py changed, reloading.
[2022-07-27 14:14:32,635] [autoreload.py:637] [autoreload:run_with_reloader] [INFO]- Watching for file changes with StatReloader
[2022-07-27 14:15:58,977] [autoreload.py:251] [autoreload:trigger_reload] [INFO]- E:\QC\apps\qc\views.py changed, reloading.
[2022-07-27 14:16:00,089] [autoreload.py:637] [autoreload:run_with_reloader] [INFO]- Watching for file changes with StatReloader
[2022-07-27 14:22:18,224] [autoreload.py:251] [autoreload:trigger_reload] [INFO]- E:\QC\apps\qc\models.py changed, reloading.
[2022-07-27 14:22:19,372] [autoreload.py:637] [autoreload:run_with_reloader] [INFO]- Watching for file changes with StatReloader
[2022-07-27 14:22:31,490] [autoreload.py:251] [autoreload:trigger_reload] [INFO]- E:\QC\apps\qc\urls.py changed, reloading.
[2022-07-27 14:22:32,646] [autoreload.py:637] [autoreload:run_with_reloader] [INFO]- Watching for file changes with StatReloader
[2022-07-27 14:24:00,588] [autoreload.py:251] [autoreload:trigger_reload] [INFO]- E:\QC\apps\qc\views.py changed, reloading.
[2022-07-27 14:24:01,708] [autoreload.py:637] [autoreload:run_with_reloader] [INFO]- Watching for file changes with StatReloader
[2022-07-27 14:27:09,485] [basehttp.py:161] [basehttp:log_message] [INFO]- "GET /system/user/info/ HTTP/1.1" 200 194
[2022-07-27 14:27:26,579] [basehttp.py:161] [basehttp:log_message] [INFO]- "OPTIONS /qc/quality HTTP/1.1" 200 0
[2022-07-27 14:27:26,695] [basehttp.py:161] [basehttp:log_message] [INFO]- "GET /qc/quality HTTP/1.1" 200 4817
[2022-07-27 14:30:01,981] [basehttp.py:161] [basehttp:log_message] [INFO]- "GET /qc/quality HTTP/1.1" 200 4817
[2022-07-27 14:31:59,522] [basehttp.py:161] [basehttp:log_message] [INFO]- "GET /qc/quality HTTP/1.1" 200 4817
[2022-07-27 14:32:55,247] [basehttp.py:161] [basehttp:log_message] [INFO]- "GET /qc/quality HTTP/1.1" 200 4817
[2022-07-27 14:34:37,758] [basehttp.py:161] [basehttp:log_message] [INFO]- "GET /qc/quality HTTP/1.1" 200 4817
[2022-07-27 14:38:37,303] [basehttp.py:161] [basehttp:log_message] [INFO]- "GET /qc/quality HTTP/1.1" 200 4817
[2022-07-27 14:38:44,986] [basehttp.py:161] [basehttp:log_message] [INFO]- "GET /qc/quality HTTP/1.1" 200 4817
[2022-07-27 14:39:20,172] [basehttp.py:161] [basehttp:log_message] [INFO]- "GET /qc/quality HTTP/1.1" 200 4817
[2022-07-27 14:40:12,534] [basehttp.py:161] [basehttp:log_message] [INFO]- "GET /qc/quality HTTP/1.1" 200 4817
[2022-07-27 14:40:25,847] [basehttp.py:161] [basehttp:log_message] [INFO]- "GET /qc/quality HTTP/1.1" 200 4817
[2022-07-27 14:45:47,825] [basehttp.py:161] [basehttp:log_message] [INFO]- "GET /qc/quality HTTP/1.1" 200 4817
[2022-07-27 14:46:39,668] [basehttp.py:161] [basehttp:log_message] [INFO]- "GET /qc/quality HTTP/1.1" 200 4817
[2022-07-27 14:46:59,766] [basehttp.py:161] [basehttp:log_message] [INFO]- "GET /qc/quality HTTP/1.1" 200 4817
[2022-07-27 14:47:15,299] [basehttp.py:161] [basehttp:log_message] [INFO]- "GET /qc/quality HTTP/1.1" 200 4817
[2022-07-27 14:49:30,187] [basehttp.py:161] [basehttp:log_message] [INFO]- "GET /qc/quality HTTP/1.1" 200 4817
[2022-07-27 14:55:07,645] [basehttp.py:161] [basehttp:log_message] [INFO]- "GET /qc/quality HTTP/1.1" 200 4817
[2022-07-27 14:55:23,349] [basehttp.py:161] [basehttp:log_message] [INFO]- "GET /qc/quality HTTP/1.1" 200 4817
[2022-07-27 14:55:55,460] [basehttp.py:161] [basehttp:log_message] [INFO]- "GET /qc/quality HTTP/1.1" 200 4817
[2022-07-27 14:56:11,352] [basehttp.py:161] [basehttp:log_message] [INFO]- "GET /qc/quality HTTP/1.1" 200 4817
[2022-07-27 15:50:10,669] [autoreload.py:251] [autoreload:trigger_reload] [INFO]- E:\QC\apps\qc\urls.py changed, reloading.
[2022-07-27 15:50:11,903] [autoreload.py:637] [autoreload:run_with_reloader] [INFO]- Watching for file changes with StatReloader
[2022-07-27 15:50:18,456] [basehttp.py:161] [basehttp:log_message] [INFO]- "GET /qc/qualitycase HTTP/1.1" 200 4165
[2022-07-27 15:50:21,160] [basehttp.py:161] [basehttp:log_message] [INFO]- "GET /qc/qualitycase HTTP/1.1" 200 4165
[2022-07-27 15:50:40,754] [autoreload.py:251] [autoreload:trigger_reload] [INFO]- E:\QC\apps\qc\views.py changed, reloading.
[2022-07-27 15:50:41,853] [autoreload.py:637] [autoreload:run_with_reloader] [INFO]- Watching for file changes with StatReloader
[2022-07-27 15:51:19,214] [autoreload.py:637] [autoreload:run_with_reloader] [INFO]- Watching for file changes with StatReloader
[2022-07-27 15:51:20,697] [basehttp.py:161] [basehttp:log_message] [INFO]- "GET /qc/qualitycase HTTP/1.1" 200 19058
[2022-07-27 15:51:35,073] [autoreload.py:251] [autoreload:trigger_reload] [INFO]- E:\QC\apps\qc\views.py changed, reloading.
[2022-07-27 15:51:36,187] [autoreload.py:637] [autoreload:run_with_reloader] [INFO]- Watching for file changes with StatReloader
[2022-07-27 15:51:46,099] [autoreload.py:251] [autoreload:trigger_reload] [INFO]- E:\QC\apps\qc\views.py changed, reloading.
[2022-07-27 15:51:47,229] [autoreload.py:637] [autoreload:run_with_reloader] [INFO]- Watching for file changes with StatReloader
[2022-07-27 15:51:47,735] [basehttp.py:161] [basehttp:log_message] [INFO]- "GET /qc/qualitycase HTTP/1.1" 200 16486
[2022-07-27 15:52:36,266] [autoreload.py:251] [autoreload:trigger_reload] [INFO]- E:\QC\apps\qc\serializer.py changed, reloading.
[2022-07-27 15:52:37,432] [autoreload.py:637] [autoreload:run_with_reloader] [INFO]- Watching for file changes with StatReloader
[2022-07-27 15:52:39,038] [basehttp.py:161] [basehttp:log_message] [INFO]- "GET /qc/qualitycase HTTP/1.1" 200 16486
[2022-07-27 15:53:03,396] [basehttp.py:161] [basehttp:log_message] [INFO]- "GET /qc/quality HTTP/1.1" 200 4817
[2022-07-27 16:05:05,167] [basehttp.py:161] [basehttp:log_message] [INFO]- "GET /qc/quality HTTP/1.1" 200 4817
[2022-07-27 16:05:59,109] [basehttp.py:161] [basehttp:log_message] [INFO]- "GET /qc/quality HTTP/1.1" 200 4817
[2022-07-27 16:07:34,048] [basehttp.py:161] [basehttp:log_message] [INFO]- "GET /qc/quality HTTP/1.1" 200 4817
[2022-07-27 16:07:50,709] [basehttp.py:161] [basehttp:log_message] [INFO]- "GET /qc/quality HTTP/1.1" 200 4817
[2022-07-27 16:08:19,262] [basehttp.py:161] [basehttp:log_message] [INFO]- "GET /qc/quality HTTP/1.1" 200 4817
[2022-07-27 16:10:31,227] [basehttp.py:161] [basehttp:log_message] [INFO]- "GET /qc/quality HTTP/1.1" 200 4817
[2022-07-27 16:11:02,981] [basehttp.py:161] [basehttp:log_message] [INFO]- "GET /qc/quality HTTP/1.1" 200 4817
[2022-07-27 16:11:20,976] [basehttp.py:161] [basehttp:log_message] [INFO]- "GET /qc/quality HTTP/1.1" 200 4817
[2022-07-27 16:12:51,684] [basehttp.py:161] [basehttp:log_message] [INFO]- "GET /qc/quality HTTP/1.1" 200 4817
[2022-07-27 16:12:54,301] [basehttp.py:161] [basehttp:log_message] [INFO]- "OPTIONS /qc/quality113 HTTP/1.1" 200 0
[2022-07-27 16:12:54,405] [log.py:230] [log:log_response] [WARNING]- Not Found: /qc/quality113
[2022-07-27 16:12:54,406] [basehttp.py:161] [basehttp:log_message] [WARNING]- "PUT /qc/quality113 HTTP/1.1" 404 6896
[2022-07-27 16:13:12,188] [basehttp.py:161] [basehttp:log_message] [INFO]- "GET /qc/quality HTTP/1.1" 200 4817
[2022-07-27 16:13:15,085] [basehttp.py:161] [basehttp:log_message] [INFO]- "OPTIONS /qc/quality/113 HTTP/1.1" 200 0
[2022-07-27 16:13:15,185] [basehttp.py:161] [basehttp:log_message] [INFO]- "PUT /qc/quality/113 HTTP/1.1" 200 95
[2022-07-27 16:14:34,312] [autoreload.py:251] [autoreload:trigger_reload] [INFO]- E:\QC\apps\qc\models.py changed, reloading.
[2022-07-27 16:14:35,472] [autoreload.py:637] [autoreload:run_with_reloader] [INFO]- Watching for file changes with StatReloader
[2022-07-27 16:14:43,871] [basehttp.py:161] [basehttp:log_message] [INFO]- "POST /qc/qualityLoad HTTP/1.1" 200 33
[2022-07-27 16:15:12,766] [basehttp.py:161] [basehttp:log_message] [INFO]- "POST /qc/qualityLoad HTTP/1.1" 200 33
[2022-07-27 16:16:15,397] [basehttp.py:161] [basehttp:log_message] [INFO]- "GET /qc/quality HTTP/1.1" 200 30497
[2022-07-27 16:16:16,481] [basehttp.py:161] [basehttp:log_message] [INFO]- "OPTIONS /qc/quality HTTP/1.1" 200 19985
[2022-07-27 16:16:41,446] [autoreload.py:251] [autoreload:trigger_reload] [INFO]- E:\QC\apps\qc\models.py changed, reloading.
[2022-07-27 16:16:42,556] [autoreload.py:637] [autoreload:run_with_reloader] [INFO]- Watching for file changes with StatReloader
[2022-07-27 16:16:54,887] [basehttp.py:161] [basehttp:log_message] [INFO]- "POST /qc/qualityLoad HTTP/1.1" 200 33
[2022-07-27 16:16:59,818] [basehttp.py:161] [basehttp:log_message] [INFO]- "GET /qc/quality HTTP/1.1" 200 30497
[2022-07-27 16:17:02,235] [basehttp.py:161] [basehttp:log_message] [INFO]- "OPTIONS /qc/quality HTTP/1.1" 200 19985
[2022-07-27 16:17:31,530] [basehttp.py:161] [basehttp:log_message] [INFO]- "PUT /qc/quality/113 HTTP/1.1" 200 476
[2022-07-27 16:17:39,529] [basehttp.py:161] [basehttp:log_message] [INFO]- "OPTIONS /system/user/info/ HTTP/1.1" 200 0
[2022-07-27 16:17:39,624] [basehttp.py:161] [basehttp:log_message] [INFO]- "GET /system/user/info/ HTTP/1.1" 200 194
[2022-07-27 16:17:39,803] [basehttp.py:161] [basehttp:log_message] [INFO]- "GET /qc/quality HTTP/1.1" 200 4811
[2022-07-27 16:18:12,375] [basehttp.py:161] [basehttp:log_message] [INFO]- "OPTIONS /qc/ticket HTTP/1.1" 200 0
[2022-07-27 16:18:12,475] [basehttp.py:161] [basehttp:log_message] [INFO]- "GET /qc/ticket HTTP/1.1" 200 5569
[2022-07-27 16:18:16,185] [basehttp.py:161] [basehttp:log_message] [INFO]- "GET /qc/quality HTTP/1.1" 200 4811
[2022-07-27 16:29:49,056] [basehttp.py:161] [basehttp:log_message] [INFO]- "OPTIONS /qc/quality HTTP/1.1" 200 0
[2022-07-27 16:29:49,160] [basehttp.py:161] [basehttp:log_message] [INFO]- "GET /qc/quality HTTP/1.1" 200 4811
[2022-07-27 16:29:53,778] [basehttp.py:161] [basehttp:log_message] [INFO]- "PUT /qc/quality/113 HTTP/1.1" 200 476
[2022-07-27 16:30:25,268] [basehttp.py:161] [basehttp:log_message] [INFO]- "GET /qc/quality HTTP/1.1" 200 4811
[2022-07-27 16:30:40,113] [basehttp.py:161] [basehttp:log_message] [INFO]- "GET /qc/quality HTTP/1.1" 200 4811
[2022-07-27 16:30:52,347] [basehttp.py:161] [basehttp:log_message] [INFO]- "GET /qc/quality HTTP/1.1" 200 4811
[2022-07-27 16:31:06,975] [basehttp.py:161] [basehttp:log_message] [INFO]- "GET /qc/quality HTTP/1.1" 200 4811
[2022-07-27 16:31:13,630] [basehttp.py:161] [basehttp:log_message] [INFO]- "PUT /qc/quality/113 HTTP/1.1" 200 476
[2022-07-27 16:31:13,724] [basehttp.py:161] [basehttp:log_message] [INFO]- "GET /qc/quality HTTP/1.1" 200 4811
[2022-07-27 16:31:22,264] [basehttp.py:161] [basehttp:log_message] [INFO]- "PUT /qc/quality/113 HTTP/1.1" 200 477
[2022-07-27 16:31:22,376] [basehttp.py:161] [basehttp:log_message] [INFO]- "GET /qc/quality HTTP/1.1" 200 4812
[2022-07-27 16:32:05,237] [basehttp.py:161] [basehttp:log_message] [INFO]- "GET /system/user/info/ HTTP/1.1" 200 194
[2022-07-27 16:32:05,450] [basehttp.py:161] [basehttp:log_message] [INFO]- "OPTIONS /qc/quality?page=1&page_size=10 HTTP/1.1" 200 0
[2022-07-27 16:32:05,540] [basehttp.py:161] [basehttp:log_message] [INFO]- "GET /qc/quality?page=1&page_size=10 HTTP/1.1" 200 4825
[2022-07-27 16:32:27,513] [basehttp.py:161] [basehttp:log_message] [INFO]- "OPTIONS /qc/quality?page=2&page_size=10 HTTP/1.1" 200 0
[2022-07-27 16:32:27,604] [basehttp.py:161] [basehttp:log_message] [INFO]- "GET /qc/quality?page=2&page_size=10 HTTP/1.1" 200 2966
[2022-07-27 16:32:28,623] [basehttp.py:161] [basehttp:log_message] [INFO]- "GET /qc/quality?page=1&page_size=10 HTTP/1.1" 200 4825
[2022-07-27 16:32:29,294] [basehttp.py:161] [basehttp:log_message] [INFO]- "OPTIONS /qc/ticket?page=1&page_size=10 HTTP/1.1" 200 0
[2022-07-27 16:32:29,385] [basehttp.py:161] [basehttp:log_message] [INFO]- "GET /qc/ticket?page=1&page_size=10 HTTP/1.1" 200 5582
[2022-07-27 16:32:31,817] [basehttp.py:161] [basehttp:log_message] [INFO]- "OPTIONS /qc/ticket?page=2&page_size=10 HTTP/1.1" 200 0
[2022-07-27 16:32:31,901] [basehttp.py:161] [basehttp:log_message] [INFO]- "GET /qc/ticket?page=2&page_size=10 HTTP/1.1" 200 1207
[2022-07-27 16:32:32,710] [basehttp.py:161] [basehttp:log_message] [INFO]- "GET /qc/ticket?page=1&page_size=10 HTTP/1.1" 200 5582
[2022-07-27 16:32:38,448] [basehttp.py:161] [basehttp:log_message] [INFO]- "GET /qc/quality?page=1&page_size=10 HTTP/1.1" 200 4825
[2022-07-27 16:32:38,980] [basehttp.py:161] [basehttp:log_message] [INFO]- "GET /qc/ticket?page=1&page_size=10 HTTP/1.1" 200 5582
[2022-07-27 16:32:39,309] [basehttp.py:161] [basehttp:log_message] [INFO]- "GET /qc/quality?page=1&page_size=10 HTTP/1.1" 200 4825
[2022-07-27 16:32:40,284] [basehttp.py:161] [basehttp:log_message] [INFO]- "GET /qc/ticket?page=1&page_size=10 HTTP/1.1" 200 5582
[2022-07-27 16:37:00,202] [basehttp.py:161] [basehttp:log_message] [INFO]- "GET /qc/quality?page=1&page_size=10 HTTP/1.1" 200 4825
[2022-07-27 16:37:09,622] [basehttp.py:161] [basehttp:log_message] [INFO]- "GET /qc/quality?page=1&page_size=10 HTTP/1.1" 200 4825
[2022-07-27 16:37:35,974] [basehttp.py:161] [basehttp:log_message] [INFO]- "GET /qc/quality?page=1&page_size=10 HTTP/1.1" 200 4825
[2022-07-27 16:38:06,852] [basehttp.py:161] [basehttp:log_message] [INFO]- "GET /qc/quality?page=1&page_size=10 HTTP/1.1" 200 4825
[2022-07-27 16:38:20,435] [basehttp.py:161] [basehttp:log_message] [INFO]- "GET /qc/quality?page=1&page_size=10 HTTP/1.1" 200 4825
[2022-07-27 16:38:45,644] [basehttp.py:161] [basehttp:log_message] [INFO]- "GET /qc/quality?page=1&page_size=10 HTTP/1.1" 200 4825
[2022-07-27 16:38:48,601] [basehttp.py:161] [basehttp:log_message] [INFO]- "OPTIONS /qc/quality?page=1&page_size=10&status=complete HTTP/1.1" 200 0
[2022-07-27 16:38:48,703] [basehttp.py:161] [basehttp:log_message] [INFO]- "GET /qc/quality?page=1&page_size=10&status=complete HTTP/1.1" 200 4841
[2022-07-27 16:38:49,683] [basehttp.py:161] [basehttp:log_message] [INFO]- "GET /qc/quality?page=1&page_size=10 HTTP/1.1" 200 4825
[2022-07-27 16:39:17,810] [basehttp.py:161] [basehttp:log_message] [INFO]- "GET /qc/quality?page=1&page_size=10&status=complete HTTP/1.1" 200 4841
[2022-07-27 16:39:22,062] [basehttp.py:161] [basehttp:log_message] [INFO]- "OPTIONS /qc/quality?page=1&page_size=10&status= HTTP/1.1" 200 0
[2022-07-27 16:39:22,159] [basehttp.py:161] [basehttp:log_message] [INFO]- "GET /qc/quality?page=1&page_size=10&status= HTTP/1.1" 200 4833
[2022-07-27 16:40:01,730] [basehttp.py:161] [basehttp:log_message] [INFO]- "GET /system/user/info/ HTTP/1.1" 200 194
[2022-07-27 16:40:01,939] [basehttp.py:161] [basehttp:log_message] [INFO]- "OPTIONS /qc/quality?page=1&page_size=10&quality_status=%E5%B7%B2%E8%B4%A8%E6%A3%80 HTTP/1.1" 200 0
[2022-07-27 16:40:02,036] [basehttp.py:161] [basehttp:log_message] [INFO]- "GET /qc/quality?page=1&page_size=10&quality_status=%E5%B7%B2%E8%B4%A8%E6%A3%80 HTTP/1.1" 200 4868
[2022-07-27 16:40:29,392] [basehttp.py:161] [basehttp:log_message] [INFO]- "GET /qc/quality?page=1&page_size=10&quality_status=%E5%B7%B2%E8%B4%A8%E6%A3%80 HTTP/1.1" 200 4868
[2022-07-27 16:40:30,710] [basehttp.py:161] [basehttp:log_message] [INFO]- "GET /system/user/info/ HTTP/1.1" 200 194
[2022-07-27 16:40:30,966] [basehttp.py:161] [basehttp:log_message] [INFO]- "GET /qc/quality?page=1&page_size=10&quality_status=%E5%B7%B2%E8%B4%A8%E6%A3%80 HTTP/1.1" 200 4868
[2022-07-27 16:42:18,136] [basehttp.py:161] [basehttp:log_message] [INFO]- "GET /system/user/info/ HTTP/1.1" 200 194
[2022-07-27 16:42:18,380] [basehttp.py:161] [basehttp:log_message] [INFO]- "GET /qc/quality?page=1&page_size=10&quality_status=%E5%B7%B2%E8%B4%A8%E6%A3%80 HTTP/1.1" 200 4868
[2022-07-27 16:42:20,807] [basehttp.py:161] [basehttp:log_message] [INFO]- "GET /system/user/info/ HTTP/1.1" 200 194
[2022-07-27 16:42:21,091] [basehttp.py:161] [basehttp:log_message] [INFO]- "GET /qc/quality?page=1&page_size=10&quality_status=%E5%B7%B2%E8%B4%A8%E6%A3%80 HTTP/1.1" 200 4868
[2022-07-27 16:42:43,393] [basehttp.py:161] [basehttp:log_message] [INFO]- "GET /qc/quality?page=1&page_size=10&quality_status=%E5%B7%B2%E8%B4%A8%E6%A3%80 HTTP/1.1" 200 4868
[2022-07-27 16:42:46,007] [basehttp.py:161] [basehttp:log_message] [INFO]- "GET /system/user/info/ HTTP/1.1" 200 194
[2022-07-27 16:42:46,232] [basehttp.py:161] [basehttp:log_message] [INFO]- "GET /qc/quality?page=1&page_size=10&quality_status=%E5%B7%B2%E8%B4%A8%E6%A3%80 HTTP/1.1" 200 4868
[2022-07-27 16:42:55,003] [basehttp.py:161] [basehttp:log_message] [INFO]- "OPTIONS /qc/ticket?page=1&page_size=10&quality_status=%E5%B7%B2%E8%B4%A8%E6%A3%80 HTTP/1.1" 200 0
[2022-07-27 16:42:55,110] [basehttp.py:161] [basehttp:log_message] [INFO]- "GET /qc/ticket?page=1&page_size=10&quality_status=%E5%B7%B2%E8%B4%A8%E6%A3%80 HTTP/1.1" 200 5625
[2022-07-27 16:43:22,915] [basehttp.py:161] [basehttp:log_message] [INFO]- "OPTIONS /qc/ticket?page=1&page_size=10&quality_status=%E6%9C%AA%E8%B4%A8%E6%A3%80 HTTP/1.1" 200 0
[2022-07-27 16:43:23,013] [basehttp.py:161] [basehttp:log_message] [INFO]- "GET /qc/ticket?page=1&page_size=10&quality_status=%E6%9C%AA%E8%B4%A8%E6%A3%80 HTTP/1.1" 200 5625
[2022-07-27 16:43:31,772] [basehttp.py:161] [basehttp:log_message] [INFO]- "OPTIONS /qc/quality?page=1&page_size=10&quality_status=%E6%9C%AA%E8%B4%A8%E6%A3%80 HTTP/1.1" 200 0
[2022-07-27 16:43:31,871] [basehttp.py:161] [basehttp:log_message] [INFO]- "GET /qc/quality?page=1&page_size=10&quality_status=%E6%9C%AA%E8%B4%A8%E6%A3%80 HTTP/1.1" 200 4868
[2022-07-27 16:43:37,007] [basehttp.py:161] [basehttp:log_message] [INFO]- "GET /qc/ticket?page=1&page_size=10&quality_status=%E6%9C%AA%E8%B4%A8%E6%A3%80 HTTP/1.1" 200 5625
[2022-07-27 16:43:51,876] [basehttp.py:161] [basehttp:log_message] [INFO]- "GET /qc/quality?page=1&page_size=10&quality_status=%E6%9C%AA%E8%B4%A8%E6%A3%80 HTTP/1.1" 200 4868
[2022-07-27 16:44:31,447] [basehttp.py:161] [basehttp:log_message] [INFO]- "GET /qc/ticket?page=1&page_size=10&quality_status=%E6%9C%AA%E8%B4%A8%E6%A3%80 HTTP/1.1" 200 5625
[2022-07-27 16:44:33,150] [basehttp.py:161] [basehttp:log_message] [INFO]- "GET /qc/quality?page=1&page_size=10&quality_status=%E6%9C%AA%E8%B4%A8%E6%A3%80 HTTP/1.1" 200 4868
[2022-07-27 16:44:34,324] [basehttp.py:161] [basehttp:log_message] [INFO]- "GET /qc/quality?page=1&page_size=10&quality_status=%E5%B7%B2%E8%B4%A8%E6%A3%80 HTTP/1.1" 200 4868
[2022-07-27 16:44:41,055] [basehttp.py:161] [basehttp:log_message] [INFO]- "OPTIONS /qc/quality?page=2&page_size=10&quality_status=%E5%B7%B2%E8%B4%A8%E6%A3%80 HTTP/1.1" 200 0
[2022-07-27 16:44:41,141] [basehttp.py:161] [basehttp:log_message] [INFO]- "GET /qc/quality?page=2&page_size=10&quality_status=%E5%B7%B2%E8%B4%A8%E6%A3%80 HTTP/1.1" 200 3009
[2022-07-27 16:44:42,886] [basehttp.py:161] [basehttp:log_message] [INFO]- "GET /qc/ticket?page=1&page_size=10&quality_status=%E5%B7%B2%E8%B4%A8%E6%A3%80 HTTP/1.1" 200 5625
[2022-07-28 09:43:00,538] [basehttp.py:161] [basehttp:log_message] [INFO]- "GET /static/drf-yasg/swagger-ui-dist/swagger-ui-bundle.js HTTP/1.1" 304 0
[2022-07-28 09:43:00,538] [basehttp.py:161] [basehttp:log_message] [INFO]- "GET /static/drf-yasg/style.css HTTP/1.1" 304 0
[2022-07-28 09:43:00,539] [basehttp.py:161] [basehttp:log_message] [INFO]- "GET /static/drf-yasg/swagger-ui-dist/swagger-ui.css HTTP/1.1" 304 0
[2022-07-28 09:43:00,540] [basehttp.py:161] [basehttp:log_message] [INFO]- "GET /static/drf-yasg/swagger-ui-dist/swagger-ui-standalone-preset.js HTTP/1.1" 304 0
[2022-07-28 09:43:00,541] [basehttp.py:161] [basehttp:log_message] [INFO]- "GET /static/drf-yasg/insQ.min.js HTTP/1.1" 304 0
[2022-07-28 09:43:00,542] [basehttp.py:161] [basehttp:log_message] [INFO]- "GET /static/drf-yasg/immutable.min.js HTTP/1.1" 304 0
[2022-07-28 09:43:00,583] [basehttp.py:161] [basehttp:log_message] [INFO]- "GET /static/drf-yasg/swagger-ui-init.js HTTP/1.1" 304 0
[2022-07-28 09:43:00,763] [basehttp.py:161] [basehttp:log_message] [INFO]- "HEAD /static/drf-yasg/swagger-ui-dist/favicon-32x32.png HTTP/1.1" 304 0
[2022-07-28 09:43:00,976] [basehttp.py:161] [basehttp:log_message] [INFO]- "GET /swagger/?format=openapi HTTP/1.1" 200 60833
[2022-07-28 09:43:08,484] [basehttp.py:161] [basehttp:log_message] [INFO]- "GET /qc/qualitycase HTTP/1.1" 200 16486
[2022-07-28 09:43:08,511] [basehttp.py:161] [basehttp:log_message] [INFO]- "GET /static/rest_framework/css/bootstrap-tweaks.css HTTP/1.1" 304 0
[2022-07-28 09:43:08,511] [basehttp.py:161] [basehttp:log_message] [INFO]- "GET /static/rest_framework/css/bootstrap.min.css HTTP/1.1" 304 0
[2022-07-28 09:43:08,512] [basehttp.py:161] [basehttp:log_message] [INFO]- "GET /static/rest_framework/css/prettify.css HTTP/1.1" 304 0
[2022-07-28 09:43:08,514] [basehttp.py:161] [basehttp:log_message] [INFO]- "GET /static/rest_framework/css/default.css HTTP/1.1" 304 0
[2022-07-28 09:43:08,515] [basehttp.py:161] [basehttp:log_message] [INFO]- "GET /static/rest_framework/js/jquery-3.5.1.min.js HTTP/1.1" 304 0
[2022-07-28 09:43:08,515] [basehttp.py:161] [basehttp:log_message] [INFO]- "GET /static/rest_framework/js/ajax-form.js HTTP/1.1" 304 0
[2022-07-28 09:43:08,519] [basehttp.py:161] [basehttp:log_message] [INFO]- "GET /static/rest_framework/js/csrf.js HTTP/1.1" 304 0
[2022-07-28 09:43:08,519] [basehttp.py:161] [basehttp:log_message] [INFO]- "GET /static/rest_framework/js/bootstrap.min.js HTTP/1.1" 304 0
[2022-07-28 09:43:08,519] [basehttp.py:161] [basehttp:log_message] [INFO]- "GET /static/rest_framework/js/default.js HTTP/1.1" 304 0
[2022-07-28 09:43:08,519] [basehttp.py:161] [basehttp:log_message] [INFO]- "GET /static/rest_framework/js/prettify-min.js HTTP/1.1" 304 0
[2022-07-28 09:43:08,524] [basehttp.py:161] [basehttp:log_message] [INFO]- "GET /static/rest_framework/img/grid.png HTTP/1.1" 304 0
[2022-07-28 09:43:08,525] [basehttp.py:161] [basehttp:log_message] [INFO]- "GET /static/rest_framework/fonts/glyphicons-halflings-regular.woff2 HTTP/1.1" 304 0
[2022-07-28 09:43:49,596] [basehttp.py:161] [basehttp:log_message] [INFO]- "OPTIONS /system/user/info/ HTTP/1.1" 200 0
[2022-07-28 09:43:49,663] [basehttp.py:161] [basehttp:log_message] [INFO]- "GET /system/user/info/ HTTP/1.1" 200 111
[2022-07-28 09:43:52,575] [basehttp.py:161] [basehttp:log_message] [INFO]- "OPTIONS /token/ HTTP/1.1" 200 0
[2022-07-28 09:43:52,784] [basehttp.py:161] [basehttp:log_message] [INFO]- "POST /token/ HTTP/1.1" 200 517
[2022-07-28 09:43:52,871] [basehttp.py:161] [basehttp:log_message] [INFO]- "GET /system/user/info/ HTTP/1.1" 200 194
[2022-07-28 09:43:52,998] [basehttp.py:161] [basehttp:log_message] [INFO]- "OPTIONS /qc/quality?page=1&page_size=10&quality_status=%E5%B7%B2%E8%B4%A8%E6%A3%80 HTTP/1.1" 200 0
[2022-07-28 09:43:53,112] [basehttp.py:161] [basehttp:log_message] [INFO]- "GET /qc/quality?page=1&page_size=10&quality_status=%E5%B7%B2%E8%B4%A8%E6%A3%80 HTTP/1.1" 200 4868
[2022-07-28 09:43:53,719] [basehttp.py:161] [basehttp:log_message] [INFO]- "OPTIONS /qc/ticket?page=1&page_size=10&quality_status=%E5%B7%B2%E8%B4%A8%E6%A3%80 HTTP/1.1" 200 0
[2022-07-28 09:43:53,816] [basehttp.py:161] [basehttp:log_message] [INFO]- "GET /qc/ticket?page=1&page_size=10&quality_status=%E5%B7%B2%E8%B4%A8%E6%A3%80 HTTP/1.1" 200 5625
[2022-07-28 09:43:54,534] [autoreload.py:251] [autoreload:trigger_reload] [INFO]- E:\QC\apps\qc\models.py changed, reloading.
